Simulation SIM 0.10    
3701 40.69 100.00 35.00 0.00 0.00 1000.00
3901 42.10 100.00 35.00 0.00 0.00 1000.00
4101 43.72 100.00 35.00 0.00 0.00 1000.00
4301 45.13 100.00 35.00 0.00 0.00 1000.00
4501 46.69 100.00 35.00 0.00 0.00 1000.00
4701 48.94 100.00 35.00 0.00 0.00 1000.00
4901 50.52 100.00 35.00 0.00 0.00 1000.00
5101 51.85 100.00 35.00 0.00 0.00 1000.00
5301 53.48 100.00 35.00 0.00 0.00 1000.00
5501 55.79 100.00 35.00 0.00 0.00 1000.00
5701 57.28 100.00 35.00 0.00 0.00 1000.00
5901 58.75 100.00 35.00 0.00 0.00 1000.00
6102 60.24 100.00 35.00 0.00 0.00 1000.00
6302 61.76 100.00 35.00 0.00 0.00 1000.00
6502 63.15 100.00 35.00 0.00 0.00 1000.00
6702 65.46 100.00 35.00 0.00 0.00 1000.00
6902 66.91 100.00 35.00 0.00 0.00 1000.00
7102 68.44 100.00 35.00 0.00 0.00 1000.00
7302 69.97 100.00 35.00 0.00 0.00 1000.00
7502 72.28 100.00 35.00 0.00 0.00 970.23
7702 73.68 100.00 35.00 0.00 0.00 921.25
7902 75.28 100.00 35.00 0.00 0.00 865.27
8102 76.60 100.00 35.00 0.00 0.00 819.09
8302 77.95 100.00 35.00 0.00 0.00 771.86
8502 79.29 100.00 35.00 0.00 0.00 724.97
8702 80.59 100.00 35.00 0.00 0.00 679.49
8902 82.55 100.00 35.00 0.00 0.00 610.73
9102 83.73 100.00 35.00 0.00 0.00 569.45
9302 85.07 100.00 35.00 0.00 0.00 522.56
9502 85.99 100.00 35.00 0.00 0.00 490.25
9702 86.92 100.00 35.00 0.00 0.00 457.94
9902 87.84 100.00 35.00 0.00 0.00 425.63
10102 88.76 100.00 35.00 0.00 0.00 393.32
10302 89.21 100.00 35.00 0.00 0.00 377.74
10502 89.93 100.00 35.00 0.00 0.00 352.37
10702 90.49 100.00 35.00 0.00 0.00 332.95
10902 91.05 100.00 35.00 0.00 0.00 313.18
11102 91.70 100.00 35.00 0.00 0.00 290.61
11302 92.36 100.00 35.00 0.00 0.00 267.35
11502 92.73 100.00 35.00 0.00 0.00 254.41
11702 93.50 100.00 35.00 0.00 0.00 227.65
11902 93.87 100.00 35.00 0.00 0.00 214.71
12102 94.23 100.00 35.00 0.00 0.00 202.11
12302 94.63 100.00 35.00 0.00 0.00 187.95
12502 94.95 100.00 35.00 0.00 0.00 176.88
12702 95.25 100.00 35.00 0.00 0.00 166.16
12902 95.62 100.00 35.00 0.00 0.00 153.40
13102 95.86 100.00 35.00 0.00 0.00 144.77
13302 96.16 100.00 35.00 0.00 0.00 134.24
13502 96.39 100.00 35.00 0.00 0.00 126.51
13702 96.48 100.00 35.00 0.00 0.00 123.33
13902 96.66 100.00 35.00 0.00 0.00 117.00
14102 96.89 100.00 35.00 0.00 0.00 108.92
14302 97.06 100.00 35.00 0.00 0.00 102.82
14502 97.02 100.00 35.00 0.00 0.00 104.42
14702 97.28 100.00 35.00 0.00 0.00 95.17
14902 97.38 100.00 35.00 0.00 0.00 91.53
15102 97.43 100.00 35.00 0.00 0.00 89.98
15302 97.60 100.00 35.00 0.00 0.00 83.87
15502 97.62 100.00 35.00 0.00 0.00 83.28
15702 97.88 100.00 35.00 0.00 0.00 74.29
15902 97.85 100.00 35.00 0.00 0.00 75.18
16102 97.98 100.00 35.00 0.00 0.00 70.82
16302 98.10 100.00 35.00 0.00 0.00 66.66
16502 98.17 100.00 35.00 0.00 0.00 63.90
16702 98.18 100.00 35.00 0.00 0.00 63.58
16902 98.16 100.00 35.00 0.00 0.00 64.32
17102 98.38 100.00 35.00 0.00 0.00 56.65
17302 98.40 100.00 35.00 0.00 0.00 55.87
17502 98.37 100.00 35.00 0.00 0.00 57.16
17702 98.40 100.00 35.00 0.00 0.00 56.03
17902 98.51 100.00 30.00 0.55 500.00 0.00
18102 98.62 100.00 30.00 0.55 500.00 0.00
18302 98.47 100.00 35.00 0.00 0.00 54.03
18502 98.36 100.00 35.00 0.00 0.00 57.81
18702 98.32 100.00 35.00 0.00 0.00 59.14
18902 98.23 100.00 35.00 0.00 0.00 62.22
19102 98.27 100.00 35.00 0.00 0.00 60.75
19302 98.25 100.00 35.00 0.00 0.00 61.49
19502 98.39 100.00 35.00 0.00 0.00 56.62
19702 98.46 100.00 35.00 0.00 0.00 54.23
19902 98.51 100.00 30.00 0.55 500.00 0.00
20102 98.45 100.00 35.00 0.00 0.00 54.86
20302 98.36 100.00 35.00 0.00 0.00 57.94
20502 98.46 100.00 35.00 0.00 0.00 54.37
20702 98.34 100.00 35.00 0.00 0.00 58.50
20902 98.25 100.00 35.00 0.00 0.00 61.58
21102 98.29 100.00 35.00 0.00 0.00 60.46
21302 98.33 100.00 35.00 0.00 0.00 58.79
21502 98.36 100.00 35.00 0.00 0.00 57.81
21702 98.40 100.00 35.00 0.00 0.00 56.48
21902 98.41 100.00 35.00 0.00 0.00 56.21
22102 98.35 100.00 35.00 0.00 0.00 58.38
22302 98.44 100.00 35.00 0.00 0.00 55.08
22502 98.49 100.00 35.00 0.00 0.00 53.34
22702 98.46 100.00 35.00 0.00 0.00 54.41
22902 98.59 100.00 30.00 0.55 500.00 0.00
23102 98.62 100.00 30.00 0.55 500.00 0.00
23302 98.59 100.00 30.00 0.55 500.00 113.24
23502 98.34 100.00 35.00 0.00 0.00 58.93
23702 98.46 100.00 35.00 0.00 0.00 55.01
23902 98.29 100.00 35.00 0.00 0.00 60.89
24102 98.27 100.00 35.00 0.00 0.00 61.52
24302 98.19 100.00 35.00 0.00 0.00 64.43
24502 98.39 100.00 35.00 0.00 0.00 57.19
24702 98.42 100.00 35.00 0.00 0.00 56.31
24902 98.39 100.00 35.00 0.00 0.00 57.12
25102 98.50 100.00 30.00 0.55 500.00 0.00
25302 98.46 100.00 35.00 0.00 0.00 54.91
25502 98.54 100.00 30.00 0.55 500.00 0.00
25702 98.54 100.00 30.00 0.55 500.00 42.68
25902 98.54 100.00 30.00 0.55 500.00 68.12
26102 98.53 100.00 30.00 0.55 500.00 68.55
26302 98.57 100.00 30.00 0.55 500.00 0.00
26502 98.68 100.00 30.00 0.55 500.00 0.00
26702 98.69 100.00 30.00 0.55 500.00 0.00
26902 98.84 100.00 30.00 0.55 500.00 0.00
27102 98.84 100.00 30.00 0.55 500.00 41.97
27302 98.72 100.00 30.00 0.55 500.00 335.89
27502 98.81 100.00 30.00 0.55 500.00 0.00
27702 98.69 100.00 30.00 0.55 500.00 334.73
27902 98.62 100.00 30.00 0.55 500.00 214.40
28102 98.46 100.00 35.00 0.00 0.00 56.84
28302 98.83 100.00 30.00 0.55 500.00 0.00
28502 99.11 100.00 30.00 0.55 500.00 0.00
28702 99.46 100.00 30.00 0.55 500.00 0.00
28902 99.73 100.00 30.00 0.55 500.00 0.00
29102 99.99 100.00 30.00 0.55 500.00 0.00
29302 99.87 100.00 30.00 0.55 500.00 302.13
29502 99.72 100.00 30.00 0.55 500.00 406.90
29702 99.82 100.00 30.00 0.55 500.00 0.00
29902 99.72 100.00 30.00 0.55 500.00 256.79
30102 99.57 100.00 30.00 0.55 500.00 386.30
30302 99.97 100.00 30.00 0.55 500.00 0.00
30502 100.38 100.00 30.00 0.55 500.00 0.00
30702 100.69 100.00 30.00 0.55 500.00 0.00
30902 101.07 100.00 30.00 0.55 500.00 0.00
31102 101.36 100.00 30.00 0.55 500.00 0.00
31302 101.19 100.00 30.00 0.55 500.00 387.13
31502 101.20 100.00 30.00 0.55 500.00 0.00
31702 101.05 100.00 30.00 0.55 500.00 341.26
31902 101.04 100.00 30.00 0.55 500.00 0.00
32102 100.99 100.00 30.00 0.55 500.00 92.72
32302 100.90 100.00 30.00 0.55 500.00 195.26
32502 100.88 100.00 30.00 0.55 500.00 46.01
32702 100.89 100.00 30.00 0.55 500.00 0.00
32902 100.80 100.00 30.00 0.55 500.00 198.10
33102 100.82 100.00 30.00 0.55 500.00 0.00
33302 101.03 100.00 30.00 0.55 500.00 0.00
33502 101.14 100.00 30.00 0.55 500.00 0.00
33702 101.56 100.00 35.00 0.00 0.00 0.00
33902 101.83 100.00 35.00 0.00 0.00 0.00
34102 102.16 100.00 35.00 0.00 0.00 0.00
34302 102.02 100.00 35.00 0.00 0.00 0.00
34502 102.04 100.00 35.00 0.00 0.00 0.00
34702 101.88 100.00 35.00 0.00 0.00 0.00
34902 101.97 100.00 35.00 0.00 0.00 0.00
35102 101.77 100.00 35.00 0.00 0.00 0.00
35302 101.74 100.00 35.00 0.00 0.00 0.00
35502 101.69 100.00 35.00 0.00 0.00 0.00
35702 101.72 100.00 35.00 0.00 0.00 0.00
35902 101.50 100.00 30.00 0.55 500.00 501.63
36102 101.48 100.00 30.00 0.55 500.00 2.01
36302 102.18 100.00 35.00 0.00 0.00 0.00
36502 103.03 100.00 35.00 0.00 0.00 0.00
36702 103.70 100.00 35.00 0.00 0.00 0.00
36902 104.49 100.00 35.00 0.00 0.00 0.00
37102 105.10 100.00 35.00 0.00 0.00 0.00
37302 105.02 100.00 35.00 0.00 0.00 0.00
37502 105.07 100.00 35.00 0.00 0.00 0.00
37702 104.90 100.00 35.00 0.00 0.00 0.00
37902 104.83 100.00 35.00 0.00 0.00 0.00
38102 104.74 100.00 35.00 0.00 0.00 0.00
38302 104.72 100.00 35.00 0.00 0.00 0.00
38502 104.67 100.00 35.00 0.00 0.00 0.00
38702 104.66 100.00 35.00 0.00 0.00 0.00
38902 104.60 100.00 35.00 0.00 0.00 0.00
39102 104.44 100.00 35.00 0.00 0.00 0.00
39302 104.47 100.00 35.00 0.00 0.00 0.00
39502 104.29 100.00 35.00 0.00 0.00 0.00
39702 104.33 100.00 35.00 0.00 0.00 0.00
39902 104.35 100.00 35.00 0.00 0.00 0.00
40102 104.22 100.00 35.00 0.00 0.00 0.00
40302 104.08 100.00 35.00 0.00 0.00 0.00
40502 104.13 100.00 35.00 0.00 0.00 0.00
40702 104.05 100.00 35.00 0.00 0.00 0.00
40902 103.97 100.00 35.00 0.00 0.00 0.00
41102 103.87 100.00 35.00 0.00 0.00 0.00
41302 103.84 100.00 35.00 0.00 0.00 0.00
41502 103.75 100.00 35.00 0.00 0.00 0.00
41702 103.71 100.00 35.00 0.00 0.00 0.00
41902 103.58 100.00 35.00 0.00 0.00 0.00
42102 103.60 100.00 35.00 0.00 0.00 0.00
42302 103.50 100.00 35.00 0.00 0.00 0.00
42502 103.36 100.00 35.00 0.00 0.00 0.00
42702 103.28 100.00 35.00 0.00 0.00 0.00
42902 103.27 100.00 35.00 0.00 0.00 0.00
43102 103.10 100.00 35.00 0.00 0.00 0.00
43302 103.14 100.00 35.00 0.00 0.00 0.00
43502 103.05 100.00 35.00 0.00 0.00 0.00
43702 103.08 100.00 35.00 0.00 0.00 0.00
43902 102.86 100.00 35.00 0.00 0.00 0.00
44102 102.84 100.00 35.00 0.00 0.00 0.00
44302 102.89 100.00 35.00 0.00 0.00 0.00
44502 102.76 100.00 35.00 0.00 0.00 0.00
44702 102.77 100.00 35.00 0.00 0.00 0.00
44902 102.72 100.00 35.00 0.00 0.00 0.00
45102 102.55 100.00 35.00 0.00 0.00 0.00
45302 102.61 100.00 35.00 0.00 0.00 0.00
45502 102.50 100.00 35.00 0.00 0.00 0.00
45702 102.41 100.00 35.00 0.00 0.00 0.00
45902 102.40 100.00 35.00 0.00 0.00 0.00
46102 102.20 100.00 35.00 0.00 0.00 0.00
46302 102.22 100.00 35.00 0.00 0.00 0.00
46502 102.04 100.00 35.00 0.00 0.00 0.00
46702 102.12 100.00 35.00 0.00 0.00 0.00
46902 101.96 100.00 35.00 0.00 0.00 0.00
47102 101.99 100.00 35.00 0.00 0.00 0.00
47302 101.84 100.00 35.00 0.00 0.00 0.00
47502 101.76 100.00 35.00 0.00 0.00 0.00
47702 101.78 100.00 35.00 0.00 0.00 0.00
47902 101.71 100.00 35.00 0.00 0.00 0.00
48102 101.58 100.00 35.00 0.00 0.00 0.00
48302 101.43 100.00 35.00 0.00 0.00 0.00
48502 101.52 100.00 35.00 0.00 0.00 0.00
48702 101.47 100.00 35.00 0.00 0.00 0.00
48902 101.32 100.00 35.00 0.00 0.00 0.00
49102 101.23 100.00 35.00 0.00 0.00 0.00
49302 101.13 100.00 35.00 0.00 0.00 0.00
49502 101.21 100.00 35.00 0.00 0.00 0.00
49702 101.08 100.00 35.00 0.00 0.00 0.00
49902 101.03 100.00 35.00 0.00 0.00 0.00
50102 100.99 100.00 35.00 0.00 0.00 0.00
50302 100.86 100.00 35.00 0.00 0.00 0.00
50502 100.94 100.00 35.00 0.00 0.00 0.00
50702 100.79 100.00 35.00 0.00 0.00 0.00
50902 100.82 100.00 35.00 0.00 0.00 0.00
51102 100.70 100.00 35.00 0.00 0.00 0.00
51302 100.62 100.00 35.00 0.00 0.00 0.00
51502 100.50 100.00 35.00 0.00 0.00 0.00
51702 100.53 100.00 35.00 0.00 0.00 0.00
51902 100.44 100.00 35.00 0.00 0.00 0.00
52102 100.41 100.00 35.00 0.00 0.00 0.00
52302 100.40 100.00 35.00 0.00 0.00 0.00
52502 100.31 100.00 35.00 0.00 0.00 0.00
52702 100.19 100.00 35.00 0.00 0.00 0.00
52902 100.04 100.00 35.00 0.00 0.00 0.00
53102 100.07 100.00 35.00 0.00 0.00 0.00
53302 99.95 100.00 35.00 0.00 0.00 0.00
53502 100.01 100.00 35.00 0.00 0.00 0.00
53702 99.81 100.00 35.00 0.00 0.00 0.00
53902 99.92 100.00 35.00 0.00 0.00 0.00
54102 99.71 100.00 35.00 0.00 0.00 100.00
54302 99.75 100.00 35.00 0.00 0.00 100.00
54502 99.57 100.00 35.00 0.00 0.00 100.00
54702 99.43 100.00 35.00 0.00 0.00 100.00
54902 99.50 100.00 35.00 0.00 0.00 100.00
55102 99.33 100.00 35.00 0.00 0.00 100.00
55302 99.55 100.00 35.00 0.00 0.00 100.00
55502 99.56 100.00 35.00 0.00 0.00 100.00
55702 99.62 100.00 35.00 0.00 0.00 100.00
55902 99.78 100.00 35.00 0.00 0.00 100.00
56102 99.87 100.00 35.00 0.00 0.00 100.00
56302 100.03 100.00 35.00 0.00 0.00 100.00
56502 100.09 100.00 35.00 0.00 0.00 100.00
56702 100.21 100.00 35.00 0.00 0.00 0.00
56902 100.38 100.00 35.00 0.00 0.00 0.00
57102 100.35 100.00 35.00 0.00 0.00 0.00
57302 100.26 100.00 35.00 0.00 0.00 0.00
57502 100.28 100.00 35.00 0.00 0.00 0.00
57702 100.19 100.00 35.00 0.00 0.00 0.00
57902 100.26 100.00 35.00 0.00 0.00 0.00
58102 100.21 100.00 35.00 0.00 0.00 0.00
58302 100.05 100.00 35.00 0.00 0.00 0.00
58502 100.00 100.00 35.00 0.00 0.00 0.00
58702 99.98 100.00 35.00 0.00 0.00 0.00
58902 99.82 100.00 35.00 0.00 0.00 0.00
59102 99.80 100.00 35.00 0.00 0.00 0.00
59302 99.74 100.00 35.00 0.00 0.00 100.00
59502 99.72 100.00 35.00 0.00 0.00 100.00
59702 99.55 100.00 35.00 0.00 0.00 100.00
59902 99.52 100.00 35.00 0.00 0.00 100.00
60102 99.57 100.00 35.00 0.00 0.00 100.00
60302 99.69 100.00 35.00 0.00 0.00 100.00
60502 99.70 100.00 35.00 0.00 0.00 100.00
60702 99.90 100.00 35.00 0.00 0.00 100.00
60902 100.01 100.00 35.00 0.00 0.00 100.00
61102 100.05 100.00 35.00 0.00 0.00 100.00
61302 100.19 100.00 35.00 0.00 0.00 100.00
61502 100.34 100.00 35.00 0.00 0.00 0.00
61702 100.39 100.00 35.00 0.00 0.00 0.00
61902 100.60 100.00 35.00 0.00 0.00 0.00
62102 100.72 100.00 35.00 0.00 0.00 0.00
62302 100.63 100.00 35.00 0.00 0.00 0.00
62502 100.52 100.00 35.00 0.00 0.00 0.00
62702 100.50 100.00 35.00 0.00 0.00 0.00
62902 100.44 100.00 35.00 0.00 0.00 0.00
63102 100.40 100.00 35.00 0.00 0.00 0.00
63302 100.22 100.00 35.00 0.00 0.00 0.00
63502 100.27 100.00 35.00 0.00 0.00 0.00
63702 100.15 100.00 35.00 0.00 0.00 0.00
63902 100.17 100.00 35.00 0.00 0.00 0.00
64102 100.07 100.00 35.00 0.00 0.00 0.00
64302 100.06 100.00 35.00 0.00 0.00 0.00
64502 99.98 100.00 35.00 0.00 0.00 0.00
64702 99.88 100.00 35.00 0.00 0.00 0.00
64902 99.81 100.00 35.00 0.00 0.00 0.00
65102 99.64 100.00 35.00 0.00 0.00 100.00
65302 99.60 100.00 35.00 0.00 0.00 100.00
65502 99.65 100.00 35.00 0.00 0.00 100.00
65702 99.63 100.00 35.00 0.00 0.00 100.00
65902 99.52 100.00 35.00 0.00 0.00 100.00
66102 99.40 100.00 35.00 0.00 0.00 100.00
66302 99.51 100.00 35.00 0.00 0.00 100.00
66502 99.64 100.00 35.00 0.00 0.00 100.00
66702 99.78 100.00 35.00 0.00 0.00 100.00
66902 99.80 100.00 35.00 0.00 0.00 100.00
67102 100.04 100.00 35.00 0.00 0.00 100.00
67302 99.95 100.00 35.00 0.00 0.00 100.00
67502 100.19 100.00 35.00 0.00 0.00 100.00
67702 100.15 100.00 35.00 0.00 0.00 100.00
67902 100.40 100.00 35.00 0.00 0.00 0.00
68102 100.42 100.00 35.00 0.00 0.00 0.00
68302 100.29 100.00 35.00 0.00 0.00 0.00
68502 100.33 100.00 35.00 0.00 0.00 0.00
68702 100.32 100.00 35.00 0.00 0.00 0.00
68902 100.17 100.00 35.00 0.00 0.00 0.00
69102 100.13 100.00 35.00 0.00 0.00 0.00
69302 100.18 100.00 35.00 0.00 0.00 0.00
69502 99.94 100.00 35.00 0.00 0.00 0.00
69702 99.94 100.00 35.00 0.00 0.00 0.00
69902 99.97 100.00 35.00 0.00 0.00 0.00
70102 99.94 100.00 35.00 0.00 0.00 0.00
70302 99.84 100.00 35.00 0.00 0.00 0.00
70502 99.79 100.00 35.00 0.00 0.00 100.00
70702 99.72 100.00 35.00 0.00 0.00 100.00
70902 99.53 100.00 35.00 0.00 0.00 100.00
71102 99.62 100.00 35.00 0.00 0.00 100.00
71302 99.75 100.00 35.00 0.00 0.00 100.00
71502 99.84 100.00 35.00 0.00 0.00 100.00
71702 99.82 100.00 35.00 0.00 0.00 100.00
71902 100.01 100.00 35.00 0.00 0.00 100.00
72102 100.16 100.00 35.00 0.00 0.00 100.00
72302 100.14 100.00 35.00 0.00 0.00 100.00
72502 100.23 100.00 35.00 0.00 0.00 0.00
72702 100.48 100.00 35.00 0.00 0.00 0.00
72902 100.53 100.00 35.00 0.00 0.00 0.00
73102 100.79 100.00 35.00 0.00 0.00 0.00
73302 100.61 100.00 35.00 0.00 0.00 0.00
73502 100.55 100.00 35.00 0.00 0.00 0.00
73702 100.49 100.00 35.00 0.00 0.00 0.00
73902 100.49 100.00 35.00 0.00 0.00 0.00
74102 100.31 100.00 35.00 0.00 0.00 0.00
74302 100.35 100.00 35.00 0.00 0.00 0.00
74502 100.17 100.00 35.00 0.00 0.00 0.00
74702 100.13 100.00 35.00 0.00 0.00 0.00
74902 100.01 100.00 35.00 0.00 0.00 0.00
75102 100.08 100.00 35.00 0.00 0.00 0.00
75302 100.04 100.00 35.00 0.00 0.00 0.00
75502 99.85 100.00 35.00 0.00 0.00 0.00
75702 99.83 100.00 35.00 0.00 0.00 0.00
75902 99.71 100.00 35.00 0.00 0.00 100.00
76102 99.73 100.00 35.00 0.00 0.00 100.00
76302 99.84 100.00 35.00 0.00 0.00 100.00
76502 99.84 100.00 35.00 0.00 0.00 100.00
76702 100.08 100.00 35.00 0.00 0.00 100.00
76902 100.00 100.00 35.00 0.00 0.00 100.00
77102 100.20 100.00 35.00 0.00 0.00 0.00
77302 100.31 100.00 35.00 0.00 0.00 0.00
77502 100.30 100.00 35.00 0.00 0.00 0.00
77702 100.43 100.00 35.00 0.00 0.00 0.00
77902 100.49 100.00 35.00 0.00 0.00 0.00
78102 100.59 100.00 35.00 0.00 0.00 0.00
78302 100.66 100.00 35.00 0.00 0.00 0.00
78502 100.66 100.00 35.00 0.00 0.00 0.00
78702 100.45 100.00 35.00 0.00 0.00 0.00
78902 100.52 100.00 35.00 0.00 0.00 0.00
79102 100.40 100.00 35.00 0.00 0.00 0.00
79302 100.38 100.00 35.00 0.00 0.00 0.00
79502 100.19 100.00 35.00 0.00 0.00 0.00
79702 100.32 100.00 35.00 0.00 0.00 0.00
79902 100.19 100.00 35.00 0.00 0.00 0.00
80102 100.15 100.00 35.00 0.00 0.00 0.00
80302 100.04 100.00 35.00 0.00 0.00 0.00
80502 99.92 100.00 35.00 0.00 0.00 0.00
80702 99.93 100.00 35.00 0.00 0.00 0.00
80902 99.89 100.00 35.00 0.00 0.00 0.00
81102 99.82 100.00 35.00 0.00 0.00 0.00
81302 99.85 100.00 35.00 0.00 0.00 0.00
81502 99.64 100.00 35.00 0.00 0.00 100.00
81702 99.65 100.00 35.00 0.00 0.00 100.00
81902 99.49 100.00 35.00 0.00 0.00 100.00
82102 99.46 100.00 35.00 0.00 0.00 100.00
82302 99.63 100.00 35.00 0.00 0.00 100.00
82502 99.74 100.00 35.00 0.00 0.00 100.00
82702 99.81 100.00 35.00 0.00 0.00 100.00
82902 100.00 100.00 35.00 0.00 0.00 100.00
83102 99.98 100.00 35.00 0.00 0.00 100.00
83302 100.21 100.00 35.00 0.00 0.00 0.00
83502 100.22 100.00 35.00 0.00 0.00 0.00
83702 100.27 100.00 35.00 0.00 0.00 0.00
83902 100.52 100.00 35.00 0.00 0.00 0.00
84102 100.50 100.00 35.00 0.00 0.00 0.00
84302 100.44 100.00 35.00 0.00 0.00 0.00
84502 100.52 100.00 35.00 0.00 0.00 0.00
84702 100.44 100.00 35.00 0.00 0.00 0.00
84902 100.34 100.00 35.00 0.00 0.00 0.00
85102 100.18 100.00 35.00 0.00 0.00 0.00
85302 100.05 100.00 35.00 0.00 0.00 0.00
85502 100.17 100.00 35.00 0.00 0.00 0.00
85702 100.05 100.00 35.00 0.00 0.00 0.00
85902 99.88 100.00 35.00 0.00 0.00 0.00
86102 99.85 100.00 35.00 0.00 0.00 0.00
86302 99.87 100.00 35.00 0.00 0.00 0.00
86502 99.71 100.00 35.00 0.00 0.00 100.00
86702 99.70 100.00 35.00 0.00 0.00 100.00
86902 99.59 100.00 35.00 0.00 0.00 100.00
87102 99.71 100.00 35.00 0.00 0.00 100.00
87302 99.77 100.00 35.00 0.00 0.00 100.00
87502 99.86 100.00 35.00 0.00 0.00 100.00
87702 100.05 100.00 35.00 0.00 0.00 100.00
87902 100.02 100.00 35.00 0.00 0.00 100.00
88102 100.17 100.00 35.00 0.00 0.00 100.00
88302 100.33 100.00 35.00 0.00 0.00 0.00
88502 100.34 100.00 35.00 0.00 0.00 0.00
88702 100.49 100.00 35.00 0.00 0.00 0.00
88902 100.68 100.00 35.00 0.00 0.00 0.00
89102 100.68 100.00 35.00 0.00 0.00 0.00
89302 100.65 100.00 35.00 0.00 0.00 0.00
89502 100.50 100.00 35.00 0.00 0.00 0.00
89702 100.55 100.00 35.00 0.00 0.00 0.00
89902 100.51 100.00 35.00 0.00 0.00 0.00
90102 100.40 100.00 35.00 0.00 0.00 0.00
90302 100.33 100.00 35.00 0.00 0.00 0.00
90502 100.23 100.00 35.00 0.00 0.00 0.00
90702 100.18 100.00 35.00 0.00 0.00 0.00
90902 100.13 100.00 35.00 0.00 0.00 0.00
91102 100.04 100.00 35.00 0.00 0.00 0.00
91302 99.87 100.00 35.00 0.00 0.00 0.00
91502 99.73 100.00 35.00 0.00 0.00 100.00
91702 99.70 100.00 35.00 0.00 0.00 100.00
91902 99.65 100.00 35.00 0.00 0.00 100.00
92102 99.68 100.00 35.00 0.00 0.00 100.00
92302 99.73 100.00 35.00 0.00 0.00 100.00
92502 99.77 100.00 35.00 0.00 0.00 100.00
92702 100.00 100.00 35.00 0.00 0.00 100.00
92902 100.05 100.00 35.00 0.00 0.00 100.00
93102 100.34 100.00 35.00 0.00 0.00 0.00
93302 100.31 100.00 35.00 0.00 0.00 0.00
93502 100.45 100.00 35.00 0.00 0.00 0.00
93702 100.51 100.00 35.00 0.00 0.00 0.00
93902 100.68 100.00 35.00 0.00 0.00 0.00
94102 100.69 100.00 35.00 0.00 0.00 0.00
94302 100.59 100.00 35.00 0.00 0.00 0.00
94502 100.69 100.00 35.00 0.00 0.00 0.00
94702 100.54 100.00 35.00 0.00 0.00 0.00
94902 100.42 100.00 35.00 0.00 0.00 0.00
95102 100.47 100.00 35.00 0.00 0.00 0.00
95302 100.37 100.00 35.00 0.00 0.00 0.00
95502 100.22 100.00 35.00 0.00 0.00 0.00
95702 100.24 100.00 35.00 0.00 0.00 0.00
95902 100.06 100.00 35.00 0.00 0.00 0.00
96102 100.11 100.00 35.00 0.00 0.00 0.00
96302 100.13 100.00 35.00 0.00 0.00 0.00
96502 100.02 100.00 35.00 0.00 0.00 0.00
96702 99.87 100.00 35.00 0.00 0.00 0.00
96902 99.86 100.00 35.00 0.00 0.00 0.00
97102 99.81 100.00 35.00 0.00 0.00 0.00
97302 99.71 100.00 35.00 0.00 0.00 100.00
97502 99.59 100.00 35.00 0.00 0.00 100.00
97702 99.64 100.00 35.00 0.00 0.00 100.00
97902 99.46 100.00 35.00 0.00 0.00 100.00
98102 99.36 100.00 35.00 0.00 0.00 100.00
98302 99.64 100.00 35.00 0.00 0.00 100.00
98502 99.68 100.00 35.00 0.00 0.00 100.00
98702 99.65 100.00 35.00 0.00 0.00 100.00
98902 99.96 100.00 35.00 0.00 0.00 100.00
99102 99.90 100.00 35.00 0.00 0.00 100.00
99302 100.07 100.00 35.00 0.00 0.00 100.00
99502 100.21 100.00 35.00 0.00 0.00 0.00
99702 100.38 100.00 35.00 0.00 0.00 0.00
99902 100.52 100.00 35.00 0.00 0.00 0.00
100102 100.45 100.00 35.00 0.00 0.00 0.00
100302 100.49 100.00 35.00 0.00 0.00 0.00
100502 100.48 100.00 35.00 0.00 0.00 0.00
100702 100.34 100.00 35.00 0.00 0.00 0.00
100902 100.26 100.00 35.00 0.00 0.00 0.00
101102 100.17 100.00 35.00 0.00 0.00 0.00
101302 100.14 100.00 35.00 0.00 0.00 0.00
101502 99.98 100.00 35.00 0.00 0.00 0.00
101702 99.96 100.00 35.00 0.00 0.00 0.00
101902 99.86 100.00 35.00 0.00 0.00 0.00
102102 99.80 100.00 35.00 0.00 0.00 100.00
102302 99.92 100.00 35.00 0.00 0.00 100.00
102502 99.81 100.00 35.00 0.00 0.00 100.00
102702 99.69 100.00 35.00 0.00 0.00 100.00
102902 99.67 100.00 35.00 0.00 0.00 100.00
103102 99.62 100.00 35.00 0.00 0.00 100.00
103302 99.63 100.00 35.00 0.00 0.00 100.00
103502 99.84 100.00 35.00 0.00 0.00 100.00
103702 99.93 100.00 35.00 0.00 0.00 100.00
103902 99.97 100.00 35.00 0.00 0.00 100.00
104102 100.07 100.00 35.00 0.00 0.00 100.00
104302 100.24 100.00 35.00 0.00 0.00 0.00
104502 100.30 100.00 35.00 0.00 0.00 0.00
104702 100.31 100.00 35.00 0.00 0.00 0.00
104902 100.60 100.00 35.00 0.00 0.00 0.00
105102 100.59 100.00 35.00 0.00 0.00 0.00
105302 100.57 100.00 35.00 0.00 0.00 0.00
105502 100.40 100.00 35.00 0.00 0.00 0.00
105702 100.31 100.00 35.00 0.00 0.00 0.00
105902 100.41 100.00 35.00 0.00 0.00 0.00
106102 100.20 100.00 35.00 0.00 0.00 0.00
106302 100.16 100.00 35.00 0.00 0.00 0.00
106502 100.11 100.00 35.00 0.00 0.00 0.00
106702 100.09 100.00 35.00 0.00 0.00 0.00
106902 100.11 100.00 35.00 0.00 0.00 0.00
107102 99.91 100.00 35.00 0.00 0.00 0.00
107302 99.99 100.00 35.00 0.00 0.00 0.00
107502 99.85 100.00 35.00 0.00 0.00 0.00
107702 99.85 100.00 35.00 0.00 0.00 0.00
107902 99.66 100.00 35.00 0.00 0.00 100.00
108102 99.68 100.00 35.00 0.00 0.00 100.00
108302 99.66 100.00 35.00 0.00 0.00 100.00
108502 99.74 100.00 35.00 0.00 0.00 100.00
108702 99.95 100.00 35.00 0.00 0.00 100.00
108902 100.08 100.00 35.00 0.00 0.00 100.00
109102 100.14 100.00 35.00 0.00 0.00 100.00
109302 100.25 100.00 35.00 0.00 0.00 0.00
109502 100.44 100.00 35.00 0.00 0.00 0.00
109702 100.46 100.00 35.00 0.00 0.00 0.00
109902 100.53 100.00 35.00 0.00 0.00 0.00
110102 100.61 100.00 35.00 0.00 0.00 0.00
110302 100.59 100.00 35.00 0.00 0.00 0.00
110502 100.55 100.00 35.00 0.00 0.00 0.00
110702 100.56 100.00 35.00 0.00 0.00 0.00
110902 100.40 100.00 35.00 0.00 0.00 0.00
111102 100.44 100.00 35.00 0.00 0.00 0.00
111302 100.29 100.00 35.00 0.00 0.00 0.00
111502 100.21 100.00 35.00 0.00 0.00 0.00
111702 100.08 100.00 35.00 0.00 0.00 0.00
111902 100.06 100.00 35.00 0.00 0.00 0.00
112102 100.07 100.00 35.00 0.00 0.00 0.00
112302 100.01 100.00 35.00 0.00 0.00 0.00
112502 100.00 100.00 35.00 0.00 0.00 0.00
112702 99.87 100.00 35.00 0.00 0.00 0.00
112902 99.74 100.00 35.00 0.00 0.00 100.00
113102 99.83 100.00 35.00 0.00 0.00 100.00
113302 99.92 100.00 35.00 0.00 0.00 100.00
113502 99.98 100.00 35.00 0.00 0.00 100.00
113702 99.99 100.00 35.00 0.00 0.00 100.00
113902 100.11 100.00 35.00 0.00 0.00 100.00
114102 100.22 100.00 35.00 0.00 0.00 0.00
114302 100.41 100.00 35.00 0.00 0.00 0.00
114502 100.47 100.00 35.00 0.00 0.00 0.00
114702 100.48 100.00 35.00 0.00 0.00 0.00
114902 100.71 100.00 35.00 0.00 0.00 0.00
115102 100.75 100.00 35.00 0.00 0.00 0.00
115302 100.70 100.00 35.00 0.00 0.00 0.00
115502 100.70 100.00 35.00 0.00 0.00 0.00
115702 100.57 100.00 35.00 0.00 0.00 0.00
115902 100.44 100.00 35.00 0.00 0.00 0.00
116102 100.52 100.00 35.00 0.00 0.00 0.00
116302 100.32 100.00 35.00 0.00 0.00 0.00
116502 100.43 100.00 35.00 0.00 0.00 0.00
116702 100.36 100.00 35.00 0.00 0.00 0.00
116902 100.18 100.00 35.00 0.00 0.00 0.00
117102 100.17 100.00 35.00 0.00 0.00 0.00
117302 100.08 100.00 35.00 0.00 0.00 0.00
117502 100.09 100.00 35.00 0.00 0.00 0.00
117702 100.04 100.00 35.00 0.00 0.00 0.00
117902 99.90 100.00 35.00 0.00 0.00 0.00
118102 99.96 100.00 35.00 0.00 0.00 0.00
118302 99.91 100.00 35.00 0.00 0.00 0.00
118502 99.84 100.00 35.00 0.00 0.00 0.00
118702 99.68 100.00 35.00 0.00 0.00 100.00
118902 99.64 100.00 35.00 0.00 0.00 100.00
119102 99.63 100.00 35.00 0.00 0.00 100.00
119302 99.70 100.00 35.00 0.00 0.00 100.00
119502 99.78 100.00 35.00 0.00 0.00 100.00
119702 99.85 100.00 35.00 0.00 0.00 100.00
119902 100.04 100.00 35.00 0.00 0.00 100.00
120102 100.16 100.00 35.00 0.00 0.00 100.00
120302 100.14 100.00 35.00 0.00 0.00 100.00
120502 100.32 100.00 35.00 0.00 0.00 0.00
120702 100.40 100.00 35.00 0.00 0.00 0.00
120902 100.55 100.00 35.00 0.00 0.00 0.00
121102 100.55 100.00 35.00 0.00 0.00 0.00
121302 100.44 100.00 35.00 0.00 0.00 0.00
121502 100.53 100.00 35.00 0.00 0.00 0.00
121702 100.30 100.00 35.00 0.00 0.00 0.00
121902 100.28 100.00 35.00 0.00 0.00 0.00
122102 100.23 100.00 35.00 0.00 0.00 0.00
122302 100.26 100.00 35.00 0.00 0.00 0.00
122502 100.16 100.00 35.00 0.00 0.00 0.00
122702 99.97 100.00 35.00 0.00 0.00 0.00
122902 100.00 100.00 35.00 0.00 0.00 0.00
123102 99.95 100.00 35.00 0.00 0.00 0.00
123302 99.96 100.00 35.00 0.00 0.00 0.00
123502 99.80 100.00 35.00 0.00 0.00 100.00
123702 99.86 100.00 35.00 0.00 0.00 100.00
123902 99.65 100.00 35.00 0.00 0.00 100.00
124102 99.74 100.00 35.00 0.00 0.00 100.00
124302 99.82 100.00 35.00 0.00 0.00 100.00
124502 99.77 100.00 35.00 0.00 0.00 100.00
124702 100.05 100.00 35.00 0.00 0.00 100.00
124902 100.11 100.00 35.00 0.00 0.00 100.00
125102 100.12 100.00 35.00 0.00 0.00 100.00
125302 100.23 100.00 35.00 0.00 0.00 0.00
125502 100.44 100.00 35.00 0.00 0.00 0.00
125702 100.41 100.00 35.00 0.00 0.00 0.00
125902 100.59 100.00 35.00 0.00 0.00 0.00
126102 100.74 100.00 35.00 0.00 0.00 0.00
126302 100.65 100.00 35.00 0.00 0.00 0.00
126502 100.51 100.00 35.00 0.00 0.00 0.00
126702 100.50 100.00 35.00 0.00 0.00 0.00
126902 100.40 100.00 35.00 0.00 0.00 0.00
127102 100.44 100.00 35.00 0.00 0.00 0.00
127302 100.31 100.00 35.00 0.00 0.00 0.00
127502 100.34 100.00 35.00 0.00 0.00 0.00
127702 100.25 100.00 35.00 0.00 0.00 0.00
127902 100.06 100.00 35.00 0.00 0.00 0.00
128102 100.11 100.00 35.00 0.00 0.00 0.00
128302 99.90 100.00 35.00 0.00 0.00 0.00
128502 99.88 100.00 35.00 0.00 0.00 0.00
128702 99.94 100.00 35.00 0.00 0.00 0.00
128902 99.80 100.00 35.00 0.00 0.00 100.00
129102 99.66 100.00 35.00 0.00 0.00 100.00
129302 99.91 100.00 35.00 0.00 0.00 100.00
129502 100.01 100.00 35.00 0.00 0.00 100.00
129702 100.11 100.00 35.00 0.00 0.00 100.00
129902 100.11 100.00 35.00 0.00 0.00 100.00
130102 100.20 100.00 35.00 0.00 0.00 100.00
130302 100.46 100.00 35.00 0.00 0.00 0.00
130502 100.41 100.00 35.00 0.00 0.00 0.00
130702 100.57 100.00 35.00 0.00 0.00 0.00
130902 100.63 100.00 35.00 0.00 0.00 0.00
131102 100.70 100.00 35.00 0.00 0.00 0.00
131302 100.65 100.00 35.00 0.00 0.00 0.00
131502 100.55 100.00 35.00 0.00 0.00 0.00
131702 100.62 100.00 35.00 0.00 0.00 0.00
131902 100.49 100.00 35.00 0.00 0.00 0.00
132102 100.47 100.00 35.00 0.00 0.00 0.00
132302 100.34 100.00 35.00 0.00 0.00 0.00
132502 100.37 100.00 35.00 0.00 0.00 0.00
132702 100.31 100.00 35.00 0.00 0.00 0.00
132902 100.15 100.00 35.00 0.00 0.00 0.00
133102 100.22 100.00 35.00 0.00 0.00 0.00
133302 100.19 100.00 35.00 0.00 0.00 0.00
133502 100.13 100.00 35.00 0.00 0.00 0.00
133702 99.90 100.00 35.00 0.00 0.00 0.00
133902 99.94 100.00 35.00 0.00 0.00 0.00
134102 99.84 100.00 35.00 0.00 0.00 0.00
134302 99.80 100.00 35.00 0.00 0.00 100.00
134502 99.69 100.00 35.00 0.00 0.00 100.00
134702 99.80 100.00 35.00 0.00 0.00 100.00
134902 99.70 100.00 35.00 0.00 0.00 100.00
135102 99.63 100.00 35.00 0.00 0.00 100.00
135302 99.70 100.00 35.00 0.00 0.00 100.00
135502 99.73 100.00 35.00 0.00 0.00 100.00
135702 99.90 100.00 35.00 0.00 0.00 100.00
135902 100.10 100.00 35.00 0.00 0.00 100.00
136102 100.14 100.00 35.00 0.00 0.00 100.00
136302 100.18 100.00 35.00 0.00 0.00 100.00
136502 100.42 100.00 35.00 0.00 0.00 0.00
136702 100.36 100.00 35.00 0.00 0.00 0.00
136902 100.57 100.00 35.00 0.00 0.00 0.00
137102 100.60 100.00 35.00 0.00 0.00 0.00
137302 100.50 100.00 35.00 0.00 0.00 0.00
137502 100.60 100.00 35.00 0.00 0.00 0.00
137702 100.53 100.00 35.00 0.00 0.00 0.00
137902 100.46 100.00 35.00 0.00 0.00 0.00
138102 100.35 100.00 35.00 0.00 0.00 0.00
138302 100.34 100.00 35.00 0.00 0.00 0.00
138502 100.29 100.00 35.00 0.00 0.00 0.00
138702 100.09 100.00 35.00 0.00 0.00 0.00
138902 100.11 100.00 35.00 0.00 0.00 0.00
139102 100.06 100.00 35.00 0.00 0.00 0.00
139302 99.95 100.00 35.00 0.00 0.00 0.00
139502 99.91 100.00 35.00 0.00 0.00 0.00
139702 99.77 100.00 35.00 0.00 0.00 100.00
139902 99.78 100.00 35.00 0.00 0.00 100.00
140102 99.80 100.00 35.00 0.00 0.00 100.00
140302 99.83 100.00 35.00 0.00 0.00 100.00
140502 99.97 100.00 35.00 0.00 0.00 100.00
140702 100.01 100.00 35.00 0.00 0.00 100.00
140902 100.04 100.00 35.00 0.00 0.00 100.00
141102 100.29 100.00 35.00 0.00 0.00 0.00
141302 100.34 100.00 35.00 0.00 0.00 0.00
141502 100.49 100.00 35.00 0.00 0.00 0.00
141702 100.46 100.00 35.00 0.00 0.00 0.00
141902 100.65 100.00 35.00 0.00 0.00 0.00
142102 100.60 100.00 35.00 0.00 0.00 0.00
142302 100.54 100.00 35.00 0.00 0.00 0.00
142502 100.57 100.00 35.00 0.00 0.00 0.00
142702 100.45 100.00 35.00 0.00 0.00 0.00
142902 100.52 100.00 35.00 0.00 0.00 0.00
143102 100.37 100.00 35.00 0.00 0.00 0.00
143302 100.32 100.00 35.00 0.00 0.00 0.00
143502 100.19 100.00 35.00 0.00 0.00 0.00
143702 100.19 100.00 35.00 0.00 0.00 0.00
143902 100.09 100.00 35.00 0.00 0.00 0.00
144102 100.01 100.00 35.00 0.00 0.00 0.00
144302 100.01 100.00 35.00 0.00 0.00 0.00
144502 99.95 100.00 35.00 0.00 0.00 0.00
144702 99.90 100.00 35.00 0.00 0.00 0.00
144902 99.88 100.00 35.00 0.00 0.00 0.00
145102 99.86 100.00 35.00 0.00 0.00 0.00
145302 99.72 100.00 35.00 0.00 0.00 100.00
145502 99.74 100.00 35.00 0.00 0.00 100.00
145702 99.56 100.00 35.00 0.00 0.00 100.00
145902 99.56 100.00 35.00 0.00 0.00 100.00
146102 99.46 100.00 35.00 0.00 0.00 100.00
146302 99.61 100.00 35.00 0.00 0.00 100.00
146502 99.67 100.00 35.00 0.00 0.00 100.00
146702 99.72 100.00 35.00 0.00 0.00 100.00
146902 99.91 100.00 35.00 0.00 0.00 100.00
147102 99.94 100.00 35.00 0.00 0.00 100.00
147302 99.96 100.00 35.00 0.00 0.00 100.00
147502 100.19 100.00 35.00 0.00 0.00 100.00
147702 100.22 100.00 35.00 0.00 0.00 0.00
147902 100.34 100.00 35.00 0.00 0.00 0.00
148102 100.46 100.00 35.00 0.00 0.00 0.00
148302 100.38 100.00 35.00 0.00 0.00 0.00
148502 100.25 100.00 35.00 0.00 0.00 0.00
148702 100.18 100.00 35.00 0.00 0.00 0.00
148902 100.17 100.00 35.00 0.00 0.00 0.00
149102 100.10 100.00 35.00 0.00 0.00 0.00
149302 99.94 100.00 35.00 0.00 0.00 0.00
149502 99.90 100.00 35.00 0.00 0.00 0.00
149702 99.90 100.00 35.00 0.00 0.00 0.00
149902 99.78 100.00 35.00 0.00 0.00 100.00
150102 99.82 100.00 35.00 0.00 0.00 100.00
150302 99.79 100.00 35.00 0.00 0.00 100.00
150502 100.00 100.00 35.00 0.00 0.00 100.00
150702 100.22 100.00 35.00 0.00 0.00 0.00
150902 100.17 100.00 35.00 0.00 0.00 0.00
151102 100.39 100.00 35.00 0.00 0.00 0.00
151302 100.27 100.00 35.00 0.00 0.00 0.00
151502 100.12 100.00 35.00 0.00 0.00 0.00
151702 100.03 100.00 35.00 0.00 0.00 0.00
151902 100.01 100.00 35.00 0.00 0.00 0.00
152102 99.92 100.00 35.00 0.00 0.00 0.00
152302 99.97 100.00 35.00 0.00 0.00 0.00
152502 99.88 100.00 35.00 0.00 0.00 0.00
152702 99.81 100.00 35.00 0.00 0.00 0.00
152902 99.78 100.00 35.00 0.00 0.00 100.00
153102 99.57 100.00 35.00 0.00 0.00 100.00
153302 99.77 100.00 35.00 0.00 0.00 100.00
153502 99.71 100.00 35.00 0.00 0.00 100.00
153702 99.89 100.00 35.00 0.00 0.00 100.00
153902 100.08 100.00 35.00 0.00 0.00 100.00
154102 100.09 100.00 35.00 0.00 0.00 100.00
154302 100.25 100.00 35.00 0.00 0.00 0.00
154502 100.19 100.00 35.00 0.00 0.00 0.00
154702 100.44 100.00 35.00 0.00 0.00 0.00
154902 100.43 100.00 35.00 0.00 0.00 0.00
155102 100.71 100.00 35.00 0.00 0.00 0.00
155302 100.59 100.00 35.00 0.00 0.00 0.00
155502 100.60 100.00 35.00 0.00 0.00 0.00
155702 100.51 100.00 35.00 0.00 0.00 0.00
155902 100.39 100.00 35.00 0.00 0.00 0.00
156102 100.35 100.00 35.00 0.00 0.00 0.00
156302 100.26 100.00 35.00 0.00 0.00 0.00
156502 100.26 100.00 35.00 0.00 0.00 0.00
156702 100.10 100.00 35.00 0.00 0.00 0.00
156902 100.18 100.00 35.00 0.00 0.00 0.00
157102 100.04 100.00 35.00 0.00 0.00 0.00
157302 99.90 100.00 35.00 0.00 0.00 0.00
157502 99.98 100.00 35.00 0.00 0.00 0.00
157702 99.78 100.00 35.00 0.00 0.00 100.00
157902 99.82 100.00 35.00 0.00 0.00 100.00
158102 99.66 100.00 35.00 0.00 0.00 100.00
158302 99.80 100.00 35.00 0.00 0.00 100.00
158502 99.86 100.00 35.00 0.00 0.00 100.00
158702 100.12 100.00 35.00 0.00 0.00 100.00
158902 100.15 100.00 35.00 0.00 0.00 100.00
159102 100.22 100.00 35.00 0.00 0.00 0.00
159302 100.29 100.00 35.00 0.00 0.00 0.00
159502 100.47 100.00 35.00 0.00 0.00 0.00
159702 100.61 100.00 35.00 0.00 0.00 0.00
159902 100.62 100.00 35.00 0.00 0.00 0.00
160102 100.79 100.00 35.00 0.00 0.00 0.00
160302 100.55 100.00 35.00 0.00 0.00 0.00
160502 100.47 100.00 35.00 0.00 0.00 0.00
160702 100.55 100.00 35.00 0.00 0.00 0.00
160902 100.52 100.00 35.00 0.00 0.00 0.00
161102 100.28 100.00 35.00 0.00 0.00 0.00
161302 100.32 100.00 35.00 0.00 0.00 0.00
161502 100.19 100.00 35.00 0.00 0.00 0.00
161702 100.25 100.00 35.00 0.00 0.00 0.00
161902 100.08 100.00 35.00 0.00 0.00 0.00
162102 100.02 100.00 35.00 0.00 0.00 0.00
162302 100.03 100.00 35.00 0.00 0.00 0.00
162502 99.98 100.00 35.00 0.00 0.00 0.00
162702 99.97 100.00 35.00 0.00 0.00 0.00
162902 99.91 100.00 35.00 0.00 0.00 0.00
163102 99.74 100.00 35.00 0.00 0.00 100.00
163302 99.76 100.00 35.00 0.00 0.00 100.00
163502 99.56 100.00 35.00 0.00 0.00 100.00
163702 99.65 100.00 35.00 0.00 0.00 100.00
163902 99.53 100.00 35.00 0.00 0.00 100.00
164102 99.45 100.00 35.00 0.00 0.00 100.00
164302 99.63 100.00 35.00 0.00 0.00 100.00
164502 99.71 100.00 35.00 0.00 0.00 100.00
164702 99.67 100.00 35.00 0.00 0.00 100.00
164902 99.77 100.00 35.00 0.00 0.00 100.00
165102 99.96 100.00 35.00 0.00 0.00 100.00
165302 100.04 100.00 35.00 0.00 0.00 100.00
165502 100.07 100.00 35.00 0.00 0.00 100.00
165702 100.23 100.00 35.00 0.00 0.00 0.00
165902 100.42 100.00 35.00 0.00 0.00 0.00
166102 100.42 100.00 35.00 0.00 0.00 0.00
166302 100.31 100.00 35.00 0.00 0.00 0.00
166502 100.38 100.00 35.00 0.00 0.00 0.00
166702 100.23 100.00 35.00 0.00 0.00 0.00
166902 100.20 100.00 35.00 0.00 0.00 0.00
167102 100.11 100.00 35.00 0.00 0.00 0.00
167302 100.13 100.00 35.00 0.00 0.00 0.00
167502 100.02 100.00 35.00 0.00 0.00 0.00
167702 99.94 100.00 35.00 0.00 0.00 0.00
167902 99.86 100.00 35.00 0.00 0.00 0.00
168102 99.82 100.00 35.00 0.00 0.00 0.00
168302 99.79 100.00 35.00 0.00 0.00 100.00
168502 99.65 100.00 35.00 0.00 0.00 100.00
168702 99.48 100.00 35.00 0.00 0.00 100.00
168902 99.44 100.00 35.00 0.00 0.00 100.00
169102 99.53 100.00 35.00 0.00 0.00 100.00
169302 99.54 100.00 35.00 0.00 0.00 100.00
169502 99.63 100.00 35.00 0.00 0.00 100.00
169702 99.63 100.00 35.00 0.00 0.00 100.00
169902 99.86 100.00 35.00 0.00 0.00 100.00
170102 99.85 100.00 35.00 0.00 0.00 100.00
170302 100.11 100.00 35.00 0.00 0.00 100.00
170502 100.04 100.00 35.00 0.00 0.00 100.00
170702 100.16 100.00 35.00 0.00 0.00 100.00
170902 100.30 100.00 35.00 0.00 0.00 0.00
171102 100.45 100.00 35.00 0.00 0.00 0.00
171302 100.41 100.00 35.00 0.00 0.00 0.00
171502 100.20 100.00 35.00 0.00 0.00 0.00
171702 100.14 100.00 35.00 0.00 0.00 0.00
171902 100.24 100.00 35.00 0.00 0.00 0.00
172102 100.10 100.00 35.00 0.00 0.00 0.00
172302 100.07 100.00 35.00 0.00 0.00 0.00
172502 99.98 100.00 35.00 0.00 0.00 0.00
172702 99.88 100.00 35.00 0.00 0.00 0.00
172902 99.92 100.00 35.00 0.00 0.00 0.00
173102 99.86 100.00 35.00 0.00 0.00 0.00
173302 99.69 100.00 35.00 0.00 0.00 100.00
173502 99.66 100.00 35.00 0.00 0.00 100.00
173702 99.56 100.00 35.00 0.00 0.00 100.00
173902 99.48 100.00 35.00 0.00 0.00 100.00
174102 99.60 100.00 35.00 0.00 0.00 100.00
174302 99.68 100.00 35.00 0.00 0.00 100.00
174502 99.64 100.00 35.00 0.00 0.00 100.00
174702 99.89 100.00 35.00 0.00 0.00 100.00
174902 99.95 100.00 35.00 0.00 0.00 100.00
175102 99.96 100.00 35.00 0.00 0.00 100.00
175302 100.02 100.00 35.00 0.00 0.00 100.00
175502 100.19 100.00 35.00 0.00 0.00 100.00
175702 100.30 100.00 35.00 0.00 0.00 0.00
175902 100.39 100.00 35.00 0.00 0.00 0.00
176102 100.57 100.00 35.00 0.00 0.00 0.00
176302 100.44 100.00 35.00 0.00 0.00 0.00
176502 100.43 100.00 35.00 0.00 0.00 0.00
176702 100.25 100.00 35.00 0.00 0.00 0.00
176902 100.31 100.00 35.00 0.00 0.00 0.00
177102 100.15 100.00 35.00 0.00 0.00 0.00
177302 100.19 100.00 35.00 0.00 0.00 0.00
177502 100.14 100.00 35.00 0.00 0.00 0.00
177702 99.94 100.00 35.00 0.00 0.00 0.00
177902 99.98 100.00 35.00 0.00 0.00 0.00
178102 99.87 100.00 35.00 0.00 0.00 0.00
178302 99.84 100.00 35.00 0.00 0.00 0.00
178502 99.86 100.00 35.00 0.00 0.00 0.00
178702 99.64 100.00 35.00 0.00 0.00 100.00
178902 99.66 100.00 35.00 0.00 0.00 100.00
179102 99.64 100.00 35.00 0.00 0.00 100.00
179302 99.75 100.00 35.00 0.00 0.00 100.00
179502 99.84 100.00 35.00 0.00 0.00 100.00
179702 99.76 100.00 35.00 0.00 0.00 100.00
179902 100.03 100.00 35.00 0.00 0.00 100.00
180102 100.05 100.00 35.00 0.00 0.00 100.00
180302 100.28 100.00 35.00 0.00 0.00 0.00
180502 100.24 100.00 35.00 0.00 0.00 0.00
180702 100.32 100.00 35.00 0.00 0.00 0.00
180902 100.55 100.00 35.00 0.00 0.00 0.00
181102 100.54 100.00 35.00 0.00 0.00 0.00
181302 100.55 100.00 35.00 0.00 0.00 0.00
181502 100.43 100.00 35.00 0.00 0.00 0.00
181702 100.41 100.00 35.00 0.00 0.00 0.00
181902 100.34 100.00 35.00 0.00 0.00 0.00
182102 100.30 100.00 35.00 0.00 0.00 0.00
182302 100.18 100.00 35.00 0.00 0.00 0.00
182502 100.11 100.00 35.00 0.00 0.00 0.00
182702 100.11 100.00 35.00 0.00 0.00 0.00
182902 100.06 100.00 35.00 0.00 0.00 0.00
183102 99.93 100.00 35.00 0.00 0.00 0.00
183302 100.03 100.00 35.00 0.00 0.00 0.00
183502 99.92 100.00 35.00 0.00 0.00 0.00
183702 99.74 100.00 35.00 0.00 0.00 100.00
183902 99.74 100.00 35.00 0.00 0.00 100.00
184102 99.58 100.00 35.00 0.00 0.00 100.00
184302 99.86 100.00 35.00 0.00 0.00 100.00
184502 99.78 100.00 35.00 0.00 0.00 100.00
184702 100.02 100.00 35.00 0.00 0.00 100.00
184902 100.05 100.00 35.00 0.00 0.00 100.00
185102 100.23 100.00 35.00 0.00 0.00 0.00
185302 100.28 100.00 35.00 0.00 0.00 0.00
185502 100.33 100.00 35.00 0.00 0.00 0.00
185702 100.48 100.00 35.00 0.00 0.00 0.00
185902 100.50 100.00 35.00 0.00 0.00 0.00
186102 100.75 100.00 35.00 0.00 0.00 0.00
186302 100.66 100.00 35.00 0.00 0.00 0.00
186502 100.49 100.00 35.00 0.00 0.00 0.00
186702 100.51 100.00 35.00 0.00 0.00 0.00
186902 100.41 100.00 35.00 0.00 0.00 0.00
187102 100.38 100.00 35.00 0.00 0.00 0.00
187302 100.33 100.00 35.00 0.00 0.00 0.00
187502 100.32 100.00 35.00 0.00 0.00 0.00
187702 100.15 100.00 35.00 0.00 0.00 0.00
187902 100.12 100.00 35.00 0.00 0.00 0.00
188102 100.02 100.00 35.00 0.00 0.00 0.00
188302 99.90 100.00 35.00 0.00 0.00 0.00
188502 99.88 100.00 35.00 0.00 0.00 0.00
188702 99.79 100.00 35.00 0.00 0.00 100.00
188902 99.69 100.00 35.00 0.00 0.00 100.00
189102 99.75 100.00 35.00 0.00 0.00 100.00
189302 99.83 100.00 35.00 0.00 0.00 100.00
189502 99.86 100.00 35.00 0.00 0.00 100.00
189702 100.07 100.00 35.00 0.00 0.00 100.00
189902 100.17 100.00 35.00 0.00 0.00 100.00
190102 100.22 100.00 35.00 0.00 0.00 0.00
190302 100.48 100.00 35.00 0.00 0.00 0.00
190502 100.58 100.00 35.00 0.00 0.00 0.00
190702 100.68 100.00 35.00 0.00 0.00 0.00
190902 100.79 100.00 35.00 0.00 0.00 0.00
191102 100.74 100.00 35.00 0.00 0.00 0.00
191302 100.74 100.00 35.00 0.00 0.00 0.00
191502 100.74 100.00 35.00 0.00 0.00 0.00
191702 100.75 100.00 35.00 0.00 0.00 0.00
191902 100.58 100.00 35.00 0.00 0.00 0.00
192102 100.48 100.00 35.00 0.00 0.00 0.00
192302 100.38 100.00 35.00 0.00 0.00 0.00
192502 100.38 100.00 35.00 0.00 0.00 0.00
192702 100.30 100.00 35.00 0.00 0.00 0.00
192902 100.35 100.00 35.00 0.00 0.00 0.00
193102 100.31 100.00 35.00 0.00 0.00 0.00
193302 100.15 100.00 35.00 0.00 0.00 0.00
193502 100.05 100.00 35.00 0.00 0.00 0.00
193702 100.03 100.00 35.00 0.00 0.00 0.00
193902 100.02 100.00 35.00 0.00 0.00 0.00
194102 99.78 100.00 35.00 0.00 0.00 100.00
194302 99.80 100.00 35.00 0.00 0.00 100.00
194502 99.72 100.00 35.00 0.00 0.00 100.00
194702 99.63 100.00 35.00 0.00 0.00 100.00
194902 99.58 100.00 35.00 0.00 0.00 100.00
195102 99.55 100.00 35.00 0.00 0.00 100.00
195302 99.64 100.00 35.00 0.00 0.00 100.00
195502 99.72 100.00 35.00 0.00 0.00 100.00
195702 99.93 100.00 35.00 0.00 0.00 100.00
195902 99.90 100.00 35.00 0.00 0.00 100.00
196102 100.14 100.00 35.00 0.00 0.00 100.00
196302 100.25 100.00 35.00 0.00 0.00 0.00
196502 100.33 100.00 35.00 0.00 0.00 0.00
196702 100.43 100.00 35.00 0.00 0.00 0.00
196902 100.49 100.00 35.00 0.00 0.00 0.00
197102 100.60 100.00 35.00 0.00 0.00 0.00
197302 100.50 100.00 35.00 0.00 0.00 0.00
197502 100.54 100.00 35.00 0.00 0.00 0.00
197702 100.41 100.00 35.00 0.00 0.00 0.00
197902 100.32 100.00 35.00 0.00 0.00 0.00
198102 100.36 100.00 35.00 0.00 0.00 0.00
198302 100.22 100.00 35.00 0.00 0.00 0.00
198502 100.10 100.00 35.00 0.00 0.00 0.00
198702 100.09 100.00 35.00 0.00 0.00 0.00
198902 100.04 100.00 35.00 0.00 0.00 0.00
199102 99.99 100.00 35.00 0.00 0.00 0.00
199302 99.84 100.00 35.00 0.00 0.00 0.00
199502 99.87 100.00 35.00 0.00 0.00 0.00
199702 99.71 100.00 35.00 0.00 0.00 100.00
199902 99.75 100.00 35.00 0.00 0.00 100.00
200102 99.76 100.00 35.00 0.00 0.00 100.00
200302 99.77 100.00 35.00 0.00 0.00 100.00
200502 99.98 100.00 35.00 0.00 0.00 100.00
200702 100.03 100.00 35.00 0.00 0.00 100.00
200902 100.15 100.00 35.00 0.00 0.00 100.00
201102 100.15 100.00 35.00 0.00 0.00 100.00
201302 100.44 100.00 35.00 0.00 0.00 0.00
201502 100.48 100.00 35.00 0.00 0.00 0.00
201702 100.56 100.00 35.00 0.00 0.00 0.00
201902 100.68 100.00 35.00 0.00 0.00 0.00
202102 100.66 100.00 35.00 0.00 0.00 0.00
202302 100.62 100.00 35.00 0.00 0.00 0.00
202502 100.60 100.00 35.00 0.00 0.00 0.00
202702 100.53 100.00 35.00 0.00 0.00 0.00
202902 100.49 100.00 35.00 0.00 0.00 0.00
203102 100.36 100.00 35.00 0.00 0.00 0.00
203302 100.30 100.00 35.00 0.00 0.00 0.00
203502 100.18 100.00 35.00 0.00 0.00 0.00
203702 100.08 100.00 35.00 0.00 0.00 0.00
203902 100.14 100.00 35.00 0.00 0.00 0.00
204102 99.97 100.00 35.00 0.00 0.00 0.00
204302 99.90 100.00 35.00 0.00 0.00 0.00
204502 99.99 100.00 35.00 0.00 0.00 0.00
204702 99.96 100.00 35.00 0.00 0.00 0.00
204902 99.83 100.00 35.00 0.00 0.00 0.00
205102 99.66 100.00 35.00 0.00 0.00 100.00
205302 99.76 100.00 35.00 0.00 0.00 100.00
205502 99.54 100.00 35.00 0.00 0.00 100.00
205702 99.53 100.00 35.00 0.00 0.00 100.00
205902 99.62 100.00 35.00 0.00 0.00 100.00
206102 99.46 100.00 35.00 0.00 0.00 100.00
206302 99.51 100.00 35.00 0.00 0.00 100.00
206502 99.71 100.00 35.00 0.00 0.00 100.00
206702 99.76 100.00 35.00 0.00 0.00 100.00
206902 99.92 100.00 35.00 0.00 0.00 100.00
207102 100.05 100.00 35.00 0.00 0.00 100.00
207302 99.96 100.00 35.00 0.00 0.00 100.00
207502 100.28 100.00 35.00 0.00 0.00 0.00
207702 100.28 100.00 35.00 0.00 0.00 0.00
207902 100.42 100.00 35.00 0.00 0.00 0.00
208102 100.48 100.00 35.00 0.00 0.00 0.00
208302 100.34 100.00 35.00 0.00 0.00 0.00
208502 100.30 100.00 35.00 0.00 0.00 0.00
208702 100.22 100.00 35.00 0.00 0.00 0.00
208902 100.25 100.00 35.00 0.00 0.00 0.00
209102 100.16 100.00 35.00 0.00 0.00 0.00
209302 100.05 100.00 35.00 0.00 0.00 0.00
209502 100.08 100.00 35.00 0.00 0.00 0.00
209702 100.06 100.00 35.00 0.00 0.00 0.00
209902 100.00 100.00 35.00 0.00 0.00 0.00
210102 99.95 100.00 35.00 0.00 0.00 0.00
210302 99.68 100.00 35.00 0.00 0.00 100.00
210502 99.63 100.00 35.00 0.00 0.00 100.00
210702 99.63 100.00 35.00 0.00 0.00 100.00
210902 99.61 100.00 35.00 0.00 0.00 100.00
211102 99.41 100.00 35.00 0.00 0.00 100.00
211302 99.52 100.00 35.00 0.00 0.00 100.00
211502 99.71 100.00 35.00 0.00 0.00 100.00
211702 99.78 100.00 35.00 0.00 0.00 100.00
211902 99.91 100.00 35.00 0.00 0.00 100.00
212102 99.94 100.00 35.00 0.00 0.00 100.00
212302 100.09 100.00 35.00 0.00 0.00 100.00
212502 100.24 100.00 35.00 0.00 0.00 0.00
212702 100.28 100.00 35.00 0.00 0.00 0.00
212902 100.44 100.00 35.00 0.00 0.00 0.00
213102 100.56 100.00 35.00 0.00 0.00 0.00
213302 100.41 100.00 35.00 0.00 0.00 0.00
213502 100.37 100.00 35.00 0.00 0.00 0.00
213702 100.45 100.00 35.00 0.00 0.00 0.00
213902 100.30 100.00 35.00 0.00 0.00 0.00
214102 100.26 100.00 35.00 0.00 0.00 0.00
214302 100.12 100.00 35.00 0.00 0.00 0.00
214502 100.09 100.00 35.00 0.00 0.00 0.00
214702 100.06 100.00 35.00 0.00 0.00 0.00
214902 100.01 100.00 35.00 0.00 0.00 0.00
215102 100.00 100.00 35.00 0.00 0.00 0.00
215302 99.90 100.00 35.00 0.00 0.00 0.00
215502 99.86 100.00 35.00 0.00 0.00 0.00
215702 99.72 100.00 35.00 0.00 0.00 100.00
215902 99.66 100.00 35.00 0.00 0.00 100.00
216102 99.58 100.00 35.00 0.00 0.00 100.00
216302 99.85 100.00 35.00 0.00 0.00 100.00
216502 99.76 100.00 35.00 0.00 0.00 100.00
216702 99.88 100.00 35.00 0.00 0.00 100.00
216902 99.97 100.00 35.00 0.00 0.00 100.00
217102 100.10 100.00 35.00 0.00 0.00 100.00
217302 100.29 100.00 35.00 0.00 0.00 0.00
217502 100.34 100.00 35.00 0.00 0.00 0.00
217702 100.45 100.00 35.00 0.00 0.00 0.00
217902 100.51 100.00 35.00 0.00 0.00 0.00
218102 100.59 100.00 35.00 0.00 0.00 0.00
218302 100.66 100.00 35.00 0.00 0.00 0.00
218502 100.56 100.00 35.00 0.00 0.00 0.00
218702 100.44 100.00 35.00 0.00 0.00 0.00
218902 100.37 100.00 35.00 0.00 0.00 0.00
219102 100.36 100.00 35.00 0.00 0.00 0.00
219302 100.32 100.00 35.00 0.00 0.00 0.00
219502 100.22 100.00 35.00 0.00 0.00 0.00
219702 100.15 100.00 35.00 0.00 0.00 0.00
219902 100.26 100.00 35.00 0.00 0.00 0.00
220102 100.18 100.00 35.00 0.00 0.00 0.00
220302 100.08 100.00 35.00 0.00 0.00 0.00
220502 99.94 100.00 35.00 0.00 0.00 0.00
220702 100.02 100.00 35.00 0.00 0.00 0.00
220902 99.94 100.00 35.00 0.00 0.00 0.00
221102 99.83 100.00 35.00 0.00 0.00 0.00
221302 99.67 100.00 35.00 0.00 0.00 100.00
221502 99.76 100.00 35.00 0.00 0.00 100.00
221702 99.71 100.00 35.00 0.00 0.00 100.00
221902 99.58 100.00 35.00 0.00 0.00 100.00
222102 99.45 100.00 35.00 0.00 0.00 100.00
222302 99.47 100.00 35.00 0.00 0.00 100.00
222502 99.59 100.00 35.00 0.00 0.00 100.00
222702 99.79 100.00 35.00 0.00 0.00 100.00
222902 99.93 100.00 35.00 0.00 0.00 100.00
223102 99.93 100.00 35.00 0.00 0.00 100.00
223302 100.02 100.00 35.00 0.00 0.00 100.00
223502 100.22 100.00 35.00 0.00 0.00 0.00
223702 100.33 100.00 35.00 0.00 0.00 0.00
223902 100.41 100.00 35.00 0.00 0.00 0.00
224102 100.48 100.00 35.00 0.00 0.00 0.00
224302 100.55 100.00 35.00 0.00 0.00 0.00
224502 100.38 100.00 35.00 0.00 0.00 0.00
224702 100.35 100.00 35.00 0.00 0.00 0.00
224902 100.32 100.00 35.00 0.00 0.00 0.00
225102 100.19 100.00 35.00 0.00 0.00 0.00
225302 100.20 100.00 35.00 0.00 0.00 0.00
225502 100.13 100.00 35.00 0.00 0.00 0.00
225702 100.01 100.00 35.00 0.00 0.00 0.00
225902 99.90 100.00 35.00 0.00 0.00 0.00
226102 99.97 100.00 35.00 0.00 0.00 0.00
226302 99.95 100.00 35.00 0.00 0.00 0.00
226502 99.85 100.00 35.00 0.00 0.00 0.00
226702 99.82 100.00 35.00 0.00 0.00 0.00
226902 99.80 100.00 35.00 0.00 0.00 100.00
227102 99.66 100.00 35.00 0.00 0.00 100.00
227302 99.83 100.00 35.00 0.00 0.00 100.00
227502 99.89 100.00 35.00 0.00 0.00 100.00
227702 99.84 100.00 35.00 0.00 0.00 100.00
227902 100.12 100.00 35.00 0.00 0.00 100.00
228102 100.23 100.00 35.00 0.00 0.00 0.00
228302 100.39 100.00 35.00 0.00 0.00 0.00
228502 100.51 100.00 35.00 0.00 0.00 0.00
228702 100.55 100.00 35.00 0.00 0.00 0.00
228902 100.66 100.00 35.00 0.00 0.00 0.00
229102 100.65 100.00 35.00 0.00 0.00 0.00
229302 100.73 100.00 35.00 0.00 0.00 0.00
229502 100.67 100.00 35.00 0.00 0.00 0.00
229702 100.51 100.00 35.00 0.00 0.00 0.00
229902 100.52 100.00 35.00 0.00 0.00 0.00
230102 100.38 100.00 35.00 0.00 0.00 0.00
230302 100.29 100.00 35.00 0.00 0.00 0.00
230502 100.31 100.00 35.00 0.00 0.00 0.00
230702 100.32 100.00 35.00 0.00 0.00 0.00
230902 100.10 100.00 35.00 0.00 0.00 0.00
231102 100.10 100.00 35.00 0.00 0.00 0.00
231302 100.12 100.00 35.00 0.00 0.00 0.00
231502 99.89 100.00 35.00 0.00 0.00 0.00
231702 99.86 100.00 35.00 0.00 0.00 0.00
231902 99.92 100.00 35.00 0.00 0.00 0.00
232102 99.77 100.00 35.00 0.00 0.00 100.00
232302 99.76 100.00 35.00 0.00 0.00 100.00
232502 99.66 100.00 35.00 0.00 0.00 100.00
232702 99.52 100.00 35.00 0.00 0.00 100.00
232902 99.57 100.00 35.00 0.00 0.00 100.00
233102 99.59 100.00 35.00 0.00 0.00 100.00
233302 99.63 100.00 35.00 0.00 0.00 100.00
233502 99.65 100.00 35.00 0.00 0.00 100.00
233702 99.78 100.00 35.00 0.00 0.00 100.00
233902 99.80 100.00 35.00 0.00 0.00 100.00
234102 99.93 100.00 35.00 0.00 0.00 100.00
234302 100.16 100.00 35.00 0.00 0.00 100.00
234502 100.17 100.00 35.00 0.00 0.00 100.00
234702 100.27 100.00 35.00 0.00 0.00 0.00
234902 100.51 100.00 35.00 0.00 0.00 0.00
235102 100.49 100.00 35.00 0.00 0.00 0.00
235302 100.52 100.00 35.00 0.00 0.00 0.00
235502 100.38 100.00 35.00 0.00 0.00 0.00
235702 100.37 100.00 35.00 0.00 0.00 0.00
235902 100.38 100.00 35.00 0.00 0.00 0.00
236102 100.28 100.00 35.00 0.00 0.00 0.00
236302 100.25 100.00 35.00 0.00 0.00 0.00
236502 100.25 100.00 35.00 0.00 0.00 0.00
236702 100.21 100.00 35.00 0.00 0.00 0.00
236902 100.02 100.00 35.00 0.00 0.00 0.00
237102 100.03 100.00 35.00 0.00 0.00 0.00
237302 99.98 100.00 35.00 0.00 0.00 0.00
237502 99.90 100.00 35.00 0.00 0.00 0.00
237702 99.84 100.00 35.00 0.00 0.00 0.00
237902 99.78 100.00 35.00 0.00 0.00 100.00
238102 99.73 100.00 35.00 0.00 0.00 100.00
238302 99.85 100.00 35.00 0.00 0.00 100.00
238502 99.84 100.00 35.00 0.00 0.00 100.00
238702 100.10 100.00 35.00 0.00 0.00 100.00
238902 100.19 100.00 35.00 0.00 0.00 100.00
239102 100.12 100.00 35.00 0.00 0.00 100.00
239302 100.34 100.00 35.00 0.00 0.00 0.00
239502 100.43 100.00 35.00 0.00 0.00 0.00
239702 100.53 100.00 35.00 0.00 0.00 0.00
239902 100.65 100.00 35.00 0.00 0.00 0.00
240102 100.64 100.00 35.00 0.00 0.00 0.00
240302 100.72 100.00 35.00 0.00 0.00 0.00
240502 100.53 100.00 35.00 0.00 0.00 0.00
240702 100.45 100.00 35.00 0.00 0.00 0.00
240902 100.48 100.00 35.00 0.00 0.00 0.00
241102 100.33 100.00 35.00 0.00 0.00 0.00
